<?xml version="1.0" encoding="UTF-8"?>
<testsuite name="com.team8.UpdateMatch.UpdateMatchUseCaseShould" tests="1" skipped="0" failures="0" errors="0" timestamp="2022-08-19T23:22:10" hostname="RICARDOUPINO-NO" time="0.035">
  <properties/>
  <testcase name="Set the answers depending of the matchturn" classname="com.team8.UpdateMatch.UpdateMatchUseCaseShould" time="0.035"/>
  <system-out><![CDATA[]]></system-out>
  <system-err><![CDATA[]]></system-err>
</testsuite>
