<?xml version="1.0" encoding="UTF-8"?>
<testsuite name="com.team8.UpdateMatch.MatchShould" tests="1" skipped="0" failures="0" errors="0" timestamp="2022-08-22T14:49:20" hostname="RICARDOUPINO-NO" time="0.01">
  <properties/>
  <testcase name="Move to the next round when the previous its finished" classname="com.team8.UpdateMatch.MatchShould" time="0.01"/>
  <system-out><![CDATA[]]></system-out>
  <system-err><![CDATA[]]></system-err>
</testsuite>
