<?xml version="1.0" encoding="UTF-8"?>
<testsuite name="com.team8.matchmakingServiceShould" tests="1" skipped="0" failures="1" errors="0" timestamp="2022-08-12T21:01:36" hostname="DESKTOP-FG2SIKI" time="1.408">
  <properties/>
  <testcase name="return opponent name when requested" classname="com.team8.matchmakingServiceShould" time="1.408">
    <failure message="kotlinx.serialization.json.internal.JsonDecodingException: Unexpected JSON token at offset 49: Encountered an unknown key 'coin'.&#10;Use 'ignoreUnknownKeys = true' in 'Json {}' builder to ignore unknown keys.&#10;JSON input: [{&quot;id&quot;:1,&quot;name&quot;:&quot;Theo&quot;,&quot;email&quot;:&quot;theo@gmail.com&quot;,&quot;coin&quot;:0},{&quot;id&quot;:2,&quot;name&quot;:&quot;Ricardo&quot;,&quot;email&quot;:&quot;Ricardo@hotmail.com&quot;,&quot;coin&quot;:0},{&quot;id&quot;:3,&quot;name&quot;:&quot;Romina&quot;,&quot;email&quot;:&quot;ro@mina.com&quot;,&quot;coin&quot;:0}]" type="kotlinx.serialization.json.internal.JsonDecodingException">kotlinx.serialization.json.internal.JsonDecodingException: Unexpected JSON token at offset 49: Encountered an unknown key 'coin'.
Use 'ignoreUnknownKeys = true' in 'Json {}' builder to ignore unknown keys.
JSON input: [{&quot;id&quot;:1,&quot;name&quot;:&quot;Theo&quot;,&quot;email&quot;:&quot;theo@gmail.com&quot;,&quot;coin&quot;:0},{&quot;id&quot;:2,&quot;name&quot;:&quot;Ricardo&quot;,&quot;email&quot;:&quot;Ricardo@hotmail.com&quot;,&quot;coin&quot;:0},{&quot;id&quot;:3,&quot;name&quot;:&quot;Romina&quot;,&quot;email&quot;:&quot;ro@mina.com&quot;,&quot;coin&quot;:0}]
	at app//kotlinx.serialization.json.internal.JsonExceptionsKt.JsonDecodingException(JsonExceptions.kt:24)
	at app//kotlinx.serialization.json.internal.JsonExceptionsKt.JsonDecodingException(JsonExceptions.kt:32)
	at app//kotlinx.serialization.json.internal.AbstractJsonLexer.fail(AbstractJsonLexer.kt:524)
	at app//kotlinx.serialization.json.internal.AbstractJsonLexer.failOnUnknownKey(AbstractJsonLexer.kt:520)
	at app//kotlinx.serialization.json.internal.StreamingJsonDecoder.handleUnknown(StreamingJsonDecoder.kt:165)
	at app//kotlinx.serialization.json.internal.StreamingJsonDecoder.decodeObjectIndex(StreamingJsonDecoder.kt:153)
	at app//kotlinx.serialization.json.internal.StreamingJsonDecoder.decodeElementIndex(StreamingJsonDecoder.kt:92)
	at app//com.team8.User$$serializer.deserialize(matchmakingServiceShould.kt:29)
	at app//com.team8.User$$serializer.deserialize(matchmakingServiceShould.kt:29)
	at app//kotlinx.serialization.json.internal.PolymorphicKt.decodeSerializableValuePolymorphic(Polymorphic.kt:59)
	at app//kotlinx.serialization.json.internal.StreamingJsonDecoder.decodeSerializableValue(StreamingJsonDecoder.kt:36)
	at app//kotlinx.serialization.encoding.AbstractDecoder.decodeSerializableValue(AbstractDecoder.kt:43)
	at app//kotlinx.serialization.encoding.AbstractDecoder.decodeSerializableElement(AbstractDecoder.kt:70)
	at app//kotlinx.serialization.encoding.CompositeDecoder$DefaultImpls.decodeSerializableElement$default(Decoding.kt:535)
	at app//kotlinx.serialization.internal.ListLikeSerializer.readElement(CollectionSerializers.kt:80)
	at app//kotlinx.serialization.internal.AbstractCollectionSerializer.readElement$default(CollectionSerializers.kt:51)
	at app//kotlinx.serialization.internal.AbstractCollectionSerializer.merge(CollectionSerializers.kt:36)
	at app//kotlinx.serialization.internal.AbstractCollectionSerializer.deserialize(CollectionSerializers.kt:43)
	at app//kotlinx.serialization.json.internal.PolymorphicKt.decodeSerializableValuePolymorphic(Polymorphic.kt:59)
	at app//kotlinx.serialization.json.internal.StreamingJsonDecoder.decodeSerializableValue(StreamingJsonDecoder.kt:36)
	at app//kotlinx.serialization.json.Json.decodeFromString(Json.kt:100)
	at app//com.team8.matchmakingServiceShould.return opponent name when requested(matchmakingServiceShould.kt:32)
	at java.base@11.0.15.1/jdk.internal.reflect.NativeMethodAccessorImpl.invoke0(Native Method)
	at java.base@11.0.15.1/jdk.internal.reflect.NativeMethodAccessorImpl.invoke(NativeMethodAccessorImpl.java:62)
	at java.base@11.0.15.1/jdk.internal.reflect.DelegatingMethodAccessorImpl.invoke(DelegatingMethodAccessorImpl.java:43)
	at java.base@11.0.15.1/java.lang.reflect.Method.invoke(Method.java:566)
	at app//org.junit.runners.model.FrameworkMethod$1.runReflectiveCall(FrameworkMethod.java:59)
	at app//org.junit.internal.runners.model.ReflectiveCallable.run(ReflectiveCallable.java:12)
	at app//org.junit.runners.model.FrameworkMethod.invokeExplosively(FrameworkMethod.java:56)
	at app//org.junit.internal.runners.statements.InvokeMethod.evaluate(InvokeMethod.java:17)
	at app//org.junit.runners.ParentRunner$3.evaluate(ParentRunner.java:306)
	at app//org.junit.runners.BlockJUnit4ClassRunner$1.evaluate(BlockJUnit4ClassRunner.java:100)
	at app//org.junit.runners.ParentRunner.runLeaf(ParentRunner.java:366)
	at app//org.junit.runners.BlockJUnit4ClassRunner.runChild(BlockJUnit4ClassRunner.java:103)
	at app//org.junit.runners.BlockJUnit4ClassRunner.runChild(BlockJUnit4ClassRunner.java:63)
	at app//org.junit.runners.ParentRunner$4.run(ParentRunner.java:331)
	at app//org.junit.runners.ParentRunner$1.schedule(ParentRunner.java:79)
	at app//org.junit.runners.ParentRunner.runChildren(ParentRunner.java:329)
	at app//org.junit.runners.ParentRunner.access$100(ParentRunner.java:66)
	at app//org.junit.runners.ParentRunner$2.evaluate(ParentRunner.java:293)
	at app//org.junit.runners.ParentRunner$3.evaluate(ParentRunner.java:306)
	at app//org.junit.runners.ParentRunner.run(ParentRunner.java:413)
	at org.gradle.api.internal.tasks.testing.junit.JUnitTestClassExecutor.runTestClass(JUnitTestClassExecutor.java:110)
	at org.gradle.api.internal.tasks.testing.junit.JUnitTestClassExecutor.execute(JUnitTestClassExecutor.java:58)
	at org.gradle.api.internal.tasks.testing.junit.JUnitTestClassExecutor.execute(JUnitTestClassExecutor.java:38)
	at org.gradle.api.internal.tasks.testing.junit.AbstractJUnitTestClassProcessor.processTestClass(AbstractJUnitTestClassProcessor.java:62)
	at org.gradle.api.internal.tasks.testing.SuiteTestClassProcessor.processTestClass(SuiteTestClassProcessor.java:51)
	at java.base@11.0.15.1/jdk.internal.reflect.NativeMethodAccessorImpl.invoke0(Native Method)
	at java.base@11.0.15.1/jdk.internal.reflect.NativeMethodAccessorImpl.invoke(NativeMethodAccessorImpl.java:62)
	at java.base@11.0.15.1/jdk.internal.reflect.DelegatingMethodAccessorImpl.invoke(DelegatingMethodAccessorImpl.java:43)
	at java.base@11.0.15.1/java.lang.reflect.Method.invoke(Method.java:566)
	at org.gradle.internal.dispatch.ReflectionDispatch.dispatch(ReflectionDispatch.java:36)
	at org.gradle.internal.dispatch.ReflectionDispatch.dispatch(ReflectionDispatch.java:24)
	at org.gradle.internal.dispatch.ContextClassLoaderDispatch.dispatch(ContextClassLoaderDispatch.java:33)
	at org.gradle.internal.dispatch.ProxyDispatchAdapter$DispatchingInvocationHandler.invoke(ProxyDispatchAdapter.java:94)
	at com.sun.proxy.$Proxy2.processTestClass(Unknown Source)
	at org.gradle.api.internal.tasks.testing.worker.TestWorker$2.run(TestWorker.java:176)
	at org.gradle.api.internal.tasks.testing.worker.TestWorker.executeAndMaintainThreadName(TestWorker.java:129)
	at org.gradle.api.internal.tasks.testing.worker.TestWorker.execute(TestWorker.java:100)
	at org.gradle.api.internal.tasks.testing.worker.TestWorker.execute(TestWorker.java:60)
	at org.gradle.process.internal.worker.child.ActionExecutionWorker.execute(ActionExecutionWorker.java:56)
	at org.gradle.process.internal.worker.child.SystemApplicationClassLoaderWorker.call(SystemApplicationClassLoaderWorker.java:133)
	at org.gradle.process.internal.worker.child.SystemApplicationClassLoaderWorker.call(SystemApplicationClassLoaderWorker.java:71)
	at app//worker.org.gradle.process.internal.worker.GradleWorkerMain.run(GradleWorkerMain.java:69)
	at app//worker.org.gradle.process.internal.worker.GradleWorkerMain.main(GradleWorkerMain.java:74)
</failure>
  </testcase>
  <system-out><![CDATA[]]></system-out>
  <system-err><![CDATA[]]></system-err>
</testsuite>
